LoveLankao/app/proguard-rules.pro
# Add project specific ProGuard rules here.
# By default, the flags in this file are appended to flags specified
# in D:\AndroidSDK/tools/proguard/proguard-android.txt
# You can edit the include path and order by changing the proguardFiles
# directive in build.gradle.
#
# For more details, see
# http://developer.android.com/guide/developing/tools/proguard.html

# Add any project specific keep options here:

# If your project uses WebView with JS, uncomment the following
# and specify the fully qualified class name to the JavaScript interface
# class:
-keepclassmembers class fqcn.of.javascript.interface.for.webview {
   public *;
}
#指定代码的压缩级别
-optimizationpasses 5
#包明不混合大小写
-dontusemixedcaseclassnames
#不去忽略非公共的库类
-dontskipnonpubliclibraryclasses
 #优化  不优化输入的类文件
-dontoptimize
 #预校验
-dontpreverify
 #混淆时是否记录日志
-verbose
 # 混淆时所采用的算法
-optimizations !code/simplification/arithmetic,!field/*,!class/merging/*
#保护注解
-keepattributes *Annotation*
# 保持哪些类不被混淆
-keep public class * extends android.app.Fragment
-keep public class * extends android.app.Activity
-keep public class * extends android.app.Application
-keep public class * extends android.app.Service
-keep public class * extends android.content.BroadcastReceiver
-keep public class * extends android.content.ContentProvider
-keep public class * extends android.app.backup.BackupAgentHelper
-keep public class * extends android.preference.Preference
-keep public class com.android.vending.licensing.ILicensingService
-keep class cn.lankao.com.lovelankao.model.** {*;}
-keep class cn.lankao.com.lovelankao.utils.** {*;}
-keep class cn.lankao.com.lovelankao.** {*;}
#忽略警告
-ignorewarning
#如果引用了v4或者v7包
-dontwarn android.support.**
#保持 native 方法不被混淆
-keepclasseswithmembernames class * {
    native <methods>;
}
#保持枚举 enum 类不被混淆
-keepclassmembers enum * {
  public static **[] values();
  public static ** valueOf(java.lang.String);
}
#------------------ okhttp混淆----------------
-keep class okhttp3.** {*;}
-keep class okio.** {*;}
#------------------ 腾讯sdk混淆----------------
#微信登录支付
-keep class com.tencent.mm.sdk.** {
   *;
}
-keep class com.tencent.mm.wxop.stat.** {
   *;
}
#腾讯IM
-keep class com.tencent.**{*;}
-dontwarn com.tencent.**
-keep class tencent.**{*;}
-dontwarn tencent.**
-keep class qalsdk.**{*;}
-dontwarn qalsdk.**
#信鸽推送
-keep class com.tencent.android.tpush.**  {* ;}
-keep class com.tencent.mid.**  {* ;}
#Bugly
-dontwarn com.tencent.bugly.**
-keep public class com.tencent.bugly.**{*;}
#--------------------butterknife类-------------
-keep class butterknife.** { *; }
-dontwarn butterknife.internal.**
-keep class **$$ViewBinder { *; }
-dontwarn butterknife.**
-keepclasseswithmembernames class * {
    @butterknife.* <fields>;
}
-keepclasseswithmembernames class * {
    @butterknife.* <methods>;
}
#------------------ Gson混淆----------------
-keep class com.google.gson.** {*;}
#-keep class com.google.**{*;}
-keep class sun.misc.Unsafe { *; }
-keep class com.google.gson.stream.** { *; }
-keep class com.google.gson.examples.android.model.** { *; }
-keep class com.google.** {
    <fields>;
    <methods>;
}
-keepclassmembers class * implements java.io.Serializable {
    static final long serialVersionUID;
    private static final java.io.ObjectStreamField[] serialPersistentFields;
    private void writeObject(java.io.ObjectOutputStream);
    private void readObject(java.io.ObjectInputStream);
    java.lang.Object writeReplace();
    java.lang.Object readResolve();
}
-dontwarn com.google.gson.**
#------------------ EventBus混淆  &&  RX ----------------
-keep class org.greenrobot.eventbus.** {*;}
-keepclassmembers class ** {
    public void onEvent*(**);
    void onEvent*(**);
}
-keepclassmembers class ** {
    public void xxxxxx(**);
}
-dontwarn rx.**
-keep class rx.** { *; }
-dontwarn sun.misc.**
-keepclassmembers class rx.internal.util.unsafe.*ArrayQueue*Field* {
 long producerIndex;
 long consumerIndex;
}
-keepclassmembers class rx.internal.util.unsafe.BaseLinkedQueueProducerNodeRef {
 rx.internal.util.atomic.LinkedQueueNode producerNode;
}
-keepclassmembers class rx.internal.util.unsafe.BaseLinkedQueueConsumerNodeRef {
 rx.internal.util.atomic.LinkedQueueNode consumerNode;
}
#------------------ Ali混淆----------------
-keep class com.alipay.android.app.IAlixPay{*;}
-keep class com.alipay.android.app.IAlixPay$Stub{*;}
-keep class com.alipay.android.app.IRemoteServiceCallback{*;}
-keep class com.alipay.android.app.IRemoteServiceCallback$Stub{*;}
-keep class com.alipay.sdk.app.PayTask{ public *;}
-keep class com.alipay.sdk.app.AuthTask{ public *;}
-keep class com.alibaba.sdk.android.oss.** { *; }
-dontwarn okio.**
-dontwarn org.apache.commons.codec.binary.**
#------------------xutils--------------------
-keep class * extends java.lang.annotation.Annotation { *; }
-keep class android.backport.webp.**{*;}
-keep class org.xutils.**{*;}
#-------------------baidu-----------------------
-keep class com.baidu.**{*;}
-keep class vi.com.** {*;}
-dontwarn com.baidu.**
#-------------------zbar-----------------------
-keep class net.sourceforge.zbar.** { *; }
-keep interface net.sourceforge.zbar.** { *; }
-dontwarn net.sourceforge.zbar.**
#-------------------个推-----------------------
-dontwarn com.igexin.**
-keep class com.igexin.** { *; }
-keep class org.json.** { *; }
-ignorewarnings
#-------------------bmob sdk-----------------------
-keepattributes Signature,*Annotation*
# keep BmobSDK
-dontwarn cn.bmob.v3.**
-keep class cn.bmob.v3.** {*;}
# 确保JavaBean不被混淆-否则gson将无法将数据解析成具体对象
-keep class * extends cn.bmob.v3.BmobObject {
    *;
}
# keep BmobPush
-dontwarn  cn.bmob.push.**
-keep class cn.bmob.push.** {*;}
# 如果你需要兼容6.0系统，请不要混淆org.apache.http.legacy.jar
-dontwarn android.net.compatibility.**
-dontwarn android.net.http.**
-dontwarn com.android.internal.http.multipart.**
-dontwarn org.apache.commons.**
-dontwarn org.apache.http.**
-keep class android.net.compatibility.**{*;}
-keep class android.net.http.**{*;}
-keep class com.android.internal.http.multipart.**{*;}
-keep class org.apache.commons.**{*;}
-keep class org.apache.http.**{*;}


-dontwarn com.igexin.**
-keep class com.igexin.** { *; }
-keep class org.json.** { *; }