LoveLankao/app/build/intermediates/proguard-rules/release/aapt_rules.txt
# view res/layout/design_navigation_item.xml #generated:17
-keep class android.support.design.internal.NavigationMenuItemView { <init>(...); }

# view res/layout/design_navigation_menu.xml #generated:17
-keep class android.support.design.internal.NavigationMenuView { <init>(...); }

# view res/layout/design_layout_snackbar.xml #generated:18
# view sw600dp-v13\res/layout-sw600dp-v13/design_layout_snackbar.xml #generated:18
-keep class android.support.design.widget.Snackbar$SnackbarLayout { <init>(...); }

# view res/layout/activity_main.xml #generated:7
# view res/layout/activity_photo_viewpage.xml #generated:9
-keep class android.support.v4.view.ViewPager { <init>(...); }

# view res/layout/abc_alert_dialog_material.xml #generated:75
-keep class android.support.v4.widget.NestedScrollView { <init>(...); }

# view res/layout/abc_alert_dialog_button_bar_material.xml #generated:40
-keep class android.support.v4.widget.Space { <init>(...); }

# view res/layout/activity_advert_msg.xml #generated:26
# view res/layout/activity_advertdetail.xml #generated:29
# view res/layout/activity_allbusiess.xml #generated:27
# view res/layout/activity_cook.xml #generated:38
# view res/layout/activity_jock.xml #generated:28
# view res/layout/activity_lknews.xml #generated:27
# view res/layout/activity_msg_board.xml #generated:8
# view res/layout/activity_read_weixin.xml #generated:27
# view res/layout/activity_square.xml #generated:34
# view res/layout/activity_square_personal.xml #generated:7
# view res/layout/activity_top.xml #generated:27
# view res/layout/fragment_index.xml #generated:28
# view res/layout/fragment_main.xml #generated:29
# view res/layout/fragment_talknew.xml #generated:50
-keep class android.support.v4.widget.SwipeRefreshLayout { <init>(...); }

# view res/layout/abc_action_menu_item_layout.xml #generated:17
-keep class android.support.v7.view.menu.ActionMenuItemView { <init>(...); }

# view res/layout/abc_expanded_menu_layout.xml #generated:17
-keep class android.support.v7.view.menu.ExpandedMenuView { <init>(...); }

# view res/layout/abc_list_menu_item_layout.xml #generated:17
# view res/layout/abc_popup_menu_item_layout.xml #generated:17
-keep class android.support.v7.view.menu.ListMenuItemView { <init>(...); }

# view res/layout/abc_screen_toolbar.xml #generated:27
-keep class android.support.v7.widget.ActionBarContainer { <init>(...); }

# view res/layout/abc_action_mode_bar.xml #generated:19
# view res/layout/abc_screen_toolbar.xml #generated:43
-keep class android.support.v7.widget.ActionBarContextView { <init>(...); }

# view res/layout/abc_screen_toolbar.xml #generated:17
-keep class android.support.v7.widget.ActionBarOverlayLayout { <init>(...); }

# view res/layout/abc_action_menu_layout.xml #generated:17
-keep class android.support.v7.widget.ActionMenuView { <init>(...); }

# view res/layout/abc_activity_chooser_view.xml #generated:19
-keep class android.support.v7.widget.ActivityChooserView$InnerLayout { <init>(...); }

# view res/layout/abc_alert_dialog_button_bar_material.xml #generated:18
-keep class android.support.v7.widget.ButtonBarLayout { <init>(...); }

# view res/layout/abc_screen_content_include.xml #generated:19
-keep class android.support.v7.widget.ContentFrameLayout { <init>(...); }

# view res/layout/abc_alert_dialog_material.xml #generated:48
-keep class android.support.v7.widget.DialogTitle { <init>(...); }

# view res/layout/abc_screen_simple_overlay_action_mode.xml #generated:23
-keep class android.support.v7.widget.FitWindowsFrameLayout { <init>(...); }

# view res/layout/abc_dialog_title_material.xml #generated:22
# view res/layout/abc_screen_simple.xml #generated:17
-keep class android.support.v7.widget.FitWindowsLinearLayout { <init>(...); }

# view res/layout/activity_advertdetail.xml #generated:34
# view res/layout/activity_allbusiess.xml #generated:33
# view res/layout/activity_bus_line.xml #generated:8
# view res/layout/activity_chat_room.xml #generated:27
# view res/layout/activity_cook.xml #generated:43
# view res/layout/activity_jock.xml #generated:33
# view res/layout/activity_lknews.xml #generated:32
# view res/layout/activity_msg_board.xml #generated:15
# view res/layout/activity_my_msg.xml #generated:8
# view res/layout/activity_read_weixin.xml #generated:32
# view res/layout/activity_square.xml #generated:39
# view res/layout/activity_square_personal.xml #generated:13
# view res/layout/activity_top.xml #generated:32
# view res/layout/activity_wz_city.xml #generated:8
# view res/layout/activity_wz_msg.xml #generated:112
# view res/layout/fragment_index.xml #generated:37
# view res/layout/fragment_index_header.xml #generated:13
# view res/layout/fragment_main.xml #generated:38
# view res/layout/fragment_talknew.xml #generated:56
-keep class android.support.v7.widget.RecyclerView { <init>(...); }

# view res/layout/abc_search_view.xml #generated:78
-keep class android.support.v7.widget.SearchView$SearchAutoComplete { <init>(...); }

# view res/layout/abc_screen_toolbar.xml #generated:36
-keep class android.support.v7.widget.Toolbar { <init>(...); }

# view res/layout/abc_screen_simple.xml #generated:25
# view res/layout/abc_screen_simple_overlay_action_mode.xml #generated:32
-keep class android.support.v7.widget.ViewStubCompat { <init>(...); }

# view AndroidManifest.xml #generated:68
-keep class cn.bmob.v3.update.UpdateDialogActivity { <init>(...); }

# view AndroidManifest.xml #generated:44
-keep class cn.lankao.com.lovelankao.LApplication { <init>(...); }

# view AndroidManifest.xml #generated:91
-keep class cn.lankao.com.lovelankao.activity.AdvertDetailActivity { <init>(...); }

# view AndroidManifest.xml #generated:90
-keep class cn.lankao.com.lovelankao.activity.AdvertMsgActivity { <init>(...); }

# view AndroidManifest.xml #generated:92
-keep class cn.lankao.com.lovelankao.activity.AllBusinessActivity { <init>(...); }

# view AndroidManifest.xml #generated:93
-keep class cn.lankao.com.lovelankao.activity.BusActivity { <init>(...); }

# view AndroidManifest.xml #generated:94
-keep class cn.lankao.com.lovelankao.activity.BusLineActivity { <init>(...); }

# view AndroidManifest.xml #generated:95
-keep class cn.lankao.com.lovelankao.activity.ChatRoomActivity { <init>(...); }

# view AndroidManifest.xml #generated:97
-keep class cn.lankao.com.lovelankao.activity.CommentActivity { <init>(...); }

# view AndroidManifest.xml #generated:96
-keep class cn.lankao.com.lovelankao.activity.CookActivity { <init>(...); }

# view AndroidManifest.xml #generated:98
-keep class cn.lankao.com.lovelankao.activity.JockActivity { <init>(...); }

# view AndroidManifest.xml #generated:103
-keep class cn.lankao.com.lovelankao.activity.LBSActivity { <init>(...); }

# view AndroidManifest.xml #generated:99
-keep class cn.lankao.com.lovelankao.activity.LKBikeActivity { <init>(...); }

# view AndroidManifest.xml #generated:100
-keep class cn.lankao.com.lovelankao.activity.LKNewsActivity { <init>(...); }

# view AndroidManifest.xml #generated:101
-keep class cn.lankao.com.lovelankao.activity.LKNewsMsgActivity { <init>(...); }

# view AndroidManifest.xml #generated:102
-keep class cn.lankao.com.lovelankao.activity.LKPeopleActivity { <init>(...); }

# view AndroidManifest.xml #generated:104
-keep class cn.lankao.com.lovelankao.activity.LoginActivity { <init>(...); }

# view AndroidManifest.xml #generated:105
-keep class cn.lankao.com.lovelankao.activity.MainActivity { <init>(...); }

# view AndroidManifest.xml #generated:108
-keep class cn.lankao.com.lovelankao.activity.MessageBoardActivity { <init>(...); }

# view AndroidManifest.xml #generated:110
-keep class cn.lankao.com.lovelankao.activity.PhotoViewPagerActivity { <init>(...); }

# view AndroidManifest.xml #generated:109
-keep class cn.lankao.com.lovelankao.activity.PicShowActivity { <init>(...); }

# view AndroidManifest.xml #generated:112
-keep class cn.lankao.com.lovelankao.activity.ReadWeixinActivity { <init>(...); }

# view AndroidManifest.xml #generated:111
-keep class cn.lankao.com.lovelankao.activity.RegisterActivity { <init>(...); }

# view AndroidManifest.xml #generated:113
-keep class cn.lankao.com.lovelankao.activity.RoadActivity { <init>(...); }

# view AndroidManifest.xml #generated:114
-keep class cn.lankao.com.lovelankao.activity.SettingActivity { <init>(...); }

# view AndroidManifest.xml #generated:119
-keep class cn.lankao.com.lovelankao.activity.ShopLocationActivity { <init>(...); }

# view AndroidManifest.xml #generated:51
-keep class cn.lankao.com.lovelankao.activity.SplashActivity { <init>(...); }

# view AndroidManifest.xml #generated:115
-keep class cn.lankao.com.lovelankao.activity.SquareActivity { <init>(...); }

# view AndroidManifest.xml #generated:116
-keep class cn.lankao.com.lovelankao.activity.SquareMsgActivity { <init>(...); }

# view AndroidManifest.xml #generated:118
-keep class cn.lankao.com.lovelankao.activity.SquarePersonalActivity { <init>(...); }

# view AndroidManifest.xml #generated:117
-keep class cn.lankao.com.lovelankao.activity.SquareSendActivity { <init>(...); }

# view AndroidManifest.xml #generated:120
-keep class cn.lankao.com.lovelankao.activity.TopActivity { <init>(...); }

# view AndroidManifest.xml #generated:123
-keep class cn.lankao.com.lovelankao.activity.WZActivity { <init>(...); }

# view AndroidManifest.xml #generated:122
-keep class cn.lankao.com.lovelankao.activity.WZCityActivity { <init>(...); }

# view AndroidManifest.xml #generated:121
-keep class cn.lankao.com.lovelankao.activity.WebViewActivity { <init>(...); }

# view AndroidManifest.xml #generated:133
-keep class cn.lankao.com.lovelankao.service.PushIntentService { <init>(...); }

# view AndroidManifest.xml #generated:128
-keep class cn.lankao.com.lovelankao.service.PushService { <init>(...); }

# view AndroidManifest.xml #generated:124
-keep class cn.lankao.com.lovelankao.wxapi.WXEntryActivity { <init>(...); }

# view AndroidManifest.xml #generated:63
-keep class com.baidu.location.f { <init>(...); }

# view res/layout/activity_bus.xml #generated:7
# view res/layout/activity_lbs.xml #generated:6
# view res/layout/activity_lkpeople.xml #generated:7
# view res/layout/activity_public_bike.xml #generated:7
# view res/layout/activity_road.xml #generated:7
# view res/layout/activity_shop_loc.xml #generated:5
-keep class com.baidu.mapapi.map.MapView { <init>(...); }

# view res/layout/fragment_index.xml #generated:43
# view res/layout/fragment_main.xml #generated:44
-keep class com.bartoszlipinski.recyclerviewheader2.RecyclerViewHeader { <init>(...); }

# view res/layout/activity_advert_msg.xml #generated:41
# view res/layout/fragment_index_header.xml #generated:8
-keep class com.bigkoo.convenientbanner.ConvenientBanner { <init>(...); }

# view res/layout/include_viewpager.xml #generated:11
-keep class com.bigkoo.convenientbanner.view.CBLoopViewPager { <init>(...); }

# view AndroidManifest.xml #generated:192
-keep class com.igexin.download.DownloadProvider { <init>(...); }

# view AndroidManifest.xml #generated:186
-keep class com.igexin.download.DownloadReceiver { <init>(...); }

# view AndroidManifest.xml #generated:182
-keep class com.igexin.download.DownloadService { <init>(...); }

# view AndroidManifest.xml #generated:174
-keep class com.igexin.sdk.GActivity { <init>(...); }

# view AndroidManifest.xml #generated:167
-keep class com.igexin.sdk.PushActivity { <init>(...); }

# view AndroidManifest.xml #generated:155
-keep class com.igexin.sdk.PushReceiver { <init>(...); }

# view AndroidManifest.xml #generated:145
-keep class com.igexin.sdk.PushService { <init>(...); }

# view AndroidManifest.xml #generated:86
-keep class com.tencent.connect.common.AssistActivity { <init>(...); }

# view AndroidManifest.xml #generated:73
-keep class com.tencent.tauth.AuthActivity { <init>(...); }

# onClick res/layout/activity_bus.xml #generated:12
# onClick res/layout/activity_comment.xml #generated:36
# onClick res/layout/activity_square_msg.xml #generated:19
# onClick res/layout/activity_square_msg.xml #generated:28
# onClick res/layout/activity_square_msg_header.xml #generated:147
# onClick res/layout/activity_square_msg_header.xml #generated:177
# onClick res/layout/activity_square_msg_header.xml #generated:208
# onClick res/layout/activity_square_msg_header.xml #generated:247
# onClick res/layout/activity_wz_msg.xml #generated:100
# onClick res/layout/include_title_bar_common.xml #generated:15
# onClick res/layout/include_title_bar_common_right.xml #generated:15
# onClick res/layout/include_title_bar_common_right.xml #generated:23
-keepclassmembers class * { *** onClick(...); }