LoveLankao/app/build/outputs/mapping/release/seeds.txt
cn.lankao.com.lovelankao.BuildConfig
cn.lankao.com.lovelankao.BuildConfig: boolean DEBUG
cn.lankao.com.lovelankao.BuildConfig: java.lang.String APPLICATION_ID
cn.lankao.com.lovelankao.BuildConfig: java.lang.String BUILD_TYPE
cn.lankao.com.lovelankao.BuildConfig: java.lang.String FLAVOR
cn.lankao.com.lovelankao.BuildConfig: int VERSION_CODE
cn.lankao.com.lovelankao.BuildConfig: java.lang.String VERSION_NAME
cn.lankao.com.lovelankao.BuildConfig: BuildConfig()
cn.lankao.com.lovelankao.LApplication
cn.lankao.com.lovelankao.LApplication: android.content.Context context
cn.lankao.com.lovelankao.LApplication: LApplication()
cn.lankao.com.lovelankao.LApplication: void onCreate()
cn.lankao.com.lovelankao.LApplication: android.content.Context getCtx()
cn.lankao.com.lovelankao.Manifest
cn.lankao.com.lovelankao.Manifest: Manifest()
cn.lankao.com.lovelankao.Manifest$permission
cn.lankao.com.lovelankao.Manifest$permission: java.lang.String lovelankao
cn.lankao.com.lovelankao.Manifest$permission: Manifest$permission()
cn.lankao.com.lovelankao.R
cn.lankao.com.lovelankao.R: R()
cn.lankao.com.lovelankao.R$anim
cn.lankao.com.lovelankao.R$anim: int abc_fade_in
cn.lankao.com.lovelankao.R$anim: int abc_fade_out
cn.lankao.com.lovelankao.R$anim: int abc_grow_fade_in_from_bottom
cn.lankao.com.lovelankao.R$anim: int abc_popup_enter
cn.lankao.com.lovelankao.R$anim: int abc_popup_exit
cn.lankao.com.lovelankao.R$anim: int abc_shrink_fade_out_from_bottom
cn.lankao.com.lovelankao.R$anim: int abc_slide_in_bottom
cn.lankao.com.lovelankao.R$anim: int abc_slide_in_top
cn.lankao.com.lovelankao.R$anim: int abc_slide_out_bottom
cn.lankao.com.lovelankao.R$anim: int abc_slide_out_top
cn.lankao.com.lovelankao.R$anim: int design_fab_in
cn.lankao.com.lovelankao.R$anim: int design_fab_out
cn.lankao.com.lovelankao.R$anim: int design_snackbar_in
cn.lankao.com.lovelankao.R$anim: int design_snackbar_out
cn.lankao.com.lovelankao.R$anim: int popwin_share_enter
cn.lankao.com.lovelankao.R$anim: int popwin_share_exit
cn.lankao.com.lovelankao.R$anim: R$anim()
cn.lankao.com.lovelankao.R$attr
cn.lankao.com.lovelankao.R$attr: int actionBarDivider
cn.lankao.com.lovelankao.R$attr: int actionBarItemBackground
cn.lankao.com.lovelankao.R$attr: int actionBarPopupTheme
cn.lankao.com.lovelankao.R$attr: int actionBarSize
cn.lankao.com.lovelankao.R$attr: int actionBarSplitStyle
cn.lankao.com.lovelankao.R$attr: int actionBarStyle
cn.lankao.com.lovelankao.R$attr: int actionBarTabBarStyle
cn.lankao.com.lovelankao.R$attr: int actionBarTabStyle
cn.lankao.com.lovelankao.R$attr: int actionBarTabTextStyle
cn.lankao.com.lovelankao.R$attr: int actionBarTheme
cn.lankao.com.lovelankao.R$attr: int actionBarWidgetTheme
cn.lankao.com.lovelankao.R$attr: int actionButtonStyle
cn.lankao.com.lovelankao.R$attr: int actionDropDownStyle
cn.lankao.com.lovelankao.R$attr: int actionLayout
cn.lankao.com.lovelankao.R$attr: int actionMenuTextAppearance
cn.lankao.com.lovelankao.R$attr: int actionMenuTextColor
cn.lankao.com.lovelankao.R$attr: int actionModeBackground
cn.lankao.com.lovelankao.R$attr: int actionModeCloseButtonStyle
cn.lankao.com.lovelankao.R$attr: int actionModeCloseDrawable
cn.lankao.com.lovelankao.R$attr: int actionModeCopyDrawable
cn.lankao.com.lovelankao.R$attr: int actionModeCutDrawable
cn.lankao.com.lovelankao.R$attr: int actionModeFindDrawable
cn.lankao.com.lovelankao.R$attr: int actionModePasteDrawable
cn.lankao.com.lovelankao.R$attr: int actionModePopupWindowStyle
cn.lankao.com.lovelankao.R$attr: int actionModeSelectAllDrawable
...
org.xutils.db.converter.DoubleColumnConverter
org.xutils.db.converter.DoubleColumnConverter: DoubleColumnConverter()
org.xutils.db.converter.DoubleColumnConverter: java.lang.Double getFieldValue(android.database.Cursor,int)
org.xutils.db.converter.DoubleColumnConverter: java.lang.Object fieldValue2DbValue(java.lang.Double)
org.xutils.db.converter.DoubleColumnConverter: org.xutils.db.sqlite.ColumnDbType getColumnDbType()
org.xutils.db.converter.DoubleColumnConverter: java.lang.Object fieldValue2DbValue(java.lang.Object)
org.xutils.db.converter.DoubleColumnConverter: java.lang.Object getFieldValue(android.database.Cursor,int)
org.xutils.db.converter.FloatColumnConverter
org.xutils.db.converter.FloatColumnConverter: FloatColumnConverter()
org.xutils.db.converter.FloatColumnConverter: java.lang.Float getFieldValue(android.database.Cursor,int)
org.xutils.db.converter.FloatColumnConverter: java.lang.Object fieldValue2DbValue(java.lang.Float)
org.xutils.db.converter.FloatColumnConverter: org.xutils.db.sqlite.ColumnDbType getColumnDbType()
org.xutils.db.converter.FloatColumnConverter: java.lang.Object fieldValue2DbValue(java.lang.Object)
org.xutils.db.converter.FloatColumnConverter: java.lang.Object getFieldValue(android.database.Cursor,int)
org.xutils.db.converter.IntegerColumnConverter
org.xutils.db.converter.IntegerColumnConverter: IntegerColumnConverter()
org.xutils.db.converter.IntegerColumnConverter: java.lang.Integer getFieldValue(android.database.Cursor,int)
org.xutils.db.converter.IntegerColumnConverter: java.lang.Object fieldValue2DbValue(java.lang.Integer)
org.xutils.db.converter.IntegerColumnConverter: org.xutils.db.sqlite.ColumnDbType getColumnDbType()
org.xutils.db.converter.IntegerColumnConverter: java.lang.Object fieldValue2DbValue(java.lang.Object)
org.xutils.db.converter.IntegerColumnConverter: java.lang.Object getFieldValue(android.database.Cursor,int)
org.xutils.db.converter.LongColumnConverter
org.xutils.db.converter.LongColumnConverter: LongColumnConverter()
org.xutils.db.converter.LongColumnConverter: java.lang.Long getFieldValue(android.database.Cursor,int)
org.xutils.db.converter.LongColumnConverter: java.lang.Object fieldValue2DbValue(java.lang.Long)
org.xutils.db.converter.LongColumnConverter: org.xutils.db.sqlite.ColumnDbType getColumnDbType()
org.xutils.db.converter.LongColumnConverter: java.lang.Object fieldValue2DbValue(java.lang.Object)
org.xutils.db.converter.LongColumnConverter: java.lang.Object getFieldValue(android.database.Cursor,int)
org.xutils.db.converter.ShortColumnConverter
org.xutils.db.converter.ShortColumnConverter: ShortColumnConverter()
org.xutils.db.converter.ShortColumnConverter: java.lang.Short getFieldValue(android.database.Cursor,int)
org.xutils.db.converter.ShortColumnConverter: java.lang.Object fieldValue2DbValue(java.lang.Short)
org.xutils.db.converter.ShortColumnConverter: org.xutils.db.sqlite.ColumnDbType getColumnDbType()
org.xutils.db.converter.ShortColumnConverter: java.lang.Object fieldValue2DbValue(java.lang.Object)
org.xutils.db.converter.ShortColumnConverter: java.lang.Object getFieldValue(android.database.Cursor,int)
org.xutils.db.converter.SqlDateColumnConverter
org.xutils.db.converter.SqlDateColumnConverter: SqlDateColumnConverter()
org.xutils.db.converter.SqlDateColumnConverter: java.sql.Date getFieldValue(android.database.Cursor,int)
org.xutils.db.converter.SqlDateColumnConverter: java.lang.Object fieldValue2DbValue(java.sql.Date)
org.xutils.db.converter.SqlDateColumnConverter: org.xutils.db.sqlite.ColumnDbType getColumnDbType()
org.xutils.db.converter.SqlDateColumnConverter: java.lang.Object fieldValue2DbValue(java.lang.Object)
org.xutils.db.converter.SqlDateColumnConverter: java.lang.Object getFieldValue(android.database.Cursor,int)