LoveLankao/app/build/outputs/mapping/release/mapping.txt
cn.lankao.com.lovelankao.BuildConfig -> cn.lankao.com.lovelankao.BuildConfig:
    boolean DEBUG -> DEBUG
    java.lang.String APPLICATION_ID -> APPLICATION_ID
    java.lang.String BUILD_TYPE -> BUILD_TYPE
    java.lang.String FLAVOR -> FLAVOR
    int VERSION_CODE -> VERSION_CODE
    java.lang.String VERSION_NAME -> VERSION_NAME
    void <init>() -> <init>
cn.lankao.com.lovelankao.LApplication -> cn.lankao.com.lovelankao.LApplication:
    android.content.Context context -> context
    void <init>() -> <init>
    void onCreate() -> onCreate
    android.content.Context getCtx() -> getCtx
cn.lankao.com.lovelankao.Manifest -> cn.lankao.com.lovelankao.Manifest:
    void <init>() -> <init>
cn.lankao.com.lovelankao.Manifest$permission -> cn.lankao.com.lovelankao.Manifest$permission:
    java.lang.String lovelankao -> lovelankao
    void <init>() -> <init>
cn.lankao.com.lovelankao.R -> cn.lankao.com.lovelankao.R:
    void <init>() -> <init>
cn.lankao.com.lovelankao.R$anim -> cn.lankao.com.lovelankao.R$anim:
    int abc_fade_in -> abc_fade_in
    int abc_fade_out -> abc_fade_out
    int abc_grow_fade_in_from_bottom -> abc_grow_fade_in_from_bottom
    int abc_popup_enter -> abc_popup_enter
    int abc_popup_exit -> abc_popup_exit
    int abc_shrink_fade_out_from_bottom -> abc_shrink_fade_out_from_bottom
    int abc_slide_in_bottom -> abc_slide_in_bottom
    int abc_slide_in_top -> abc_slide_in_top
    int abc_slide_out_bottom -> abc_slide_out_bottom
    int abc_slide_out_top -> abc_slide_out_top
    int design_fab_in -> design_fab_in
    int design_fab_out -> design_fab_out
    int design_snackbar_in -> design_snackbar_in
    int design_snackbar_out -> design_snackbar_out
    int popwin_share_enter -> popwin_share_enter
    int popwin_share_exit -> popwin_share_exit
    void <init>() -> <init>
cn.lankao.com.lovelankao.R$attr -> cn.lankao.com.lovelankao.R$attr:
    int actionBarDivider -> actionBarDivider
    int actionBarItemBackground -> actionBarItemBackground
    int actionBarPopupTheme -> actionBarPopupTheme
    int actionBarSize -> actionBarSize
    int actionBarSplitStyle -> actionBarSplitStyle
    int actionBarStyle -> actionBarStyle
    int actionBarTabBarStyle -> actionBarTabBarStyle
    int actionBarTabStyle -> actionBarTabStyle
    int actionBarTabTextStyle -> actionBarTabTextStyle
    int actionBarTheme -> actionBarTheme
    int actionBarWidgetTheme -> actionBarWidgetTheme
    int actionButtonStyle -> actionButtonStyle
    int actionDropDownStyle -> actionDropDownStyle
    int actionLayout -> actionLayout
    int actionMenuTextAppearance -> actionMenuTextAppearance
    int actionMenuTextColor -> actionMenuTextColor
    int actionModeBackground -> actionModeBackground
    int actionModeCloseButtonStyle -> actionModeCloseButtonStyle
    int actionModeCloseDrawable -> actionModeCloseDrawable
    int actionModeCopyDrawable -> actionModeCopyDrawable
    int actionModeCutDrawable -> actionModeCutDrawable
    int actionModeFindDrawable -> actionModeFindDrawable
    int actionModePasteDrawable -> actionModePasteDrawable
    int actionModePopupWindowStyle -> actionModePopupWindowStyle
    int actionModeSelectAllDrawable -> actionModeSelectAllDrawable
    int actionModeShareDrawable -> actionModeShareDrawable
...
cn.bmob.v3.http.bean.Api -> cn.bmob.v3.http.bean.Api:
    cn.bmob.v3.http.bean.Result result -> result
    com.google.gson.JsonElement data -> data
    void <init>() -> <init>
    com.google.gson.JsonElement getData() -> getData
    void setData(com.google.gson.JsonElement) -> setData
    cn.bmob.v3.http.bean.Result getResult() -> getResult
    void setResult(cn.bmob.v3.http.bean.Result) -> setResult
    java.lang.String toString() -> toString
cn.bmob.v3.http.bean.CDN -> cn.bmob.v3.http.bean.CDN:
    cn.bmob.v3.http.bean.Upyun upyun -> upyun
    cn.bmob.v3.http.bean.CDN parse(java.lang.String) -> parse
    void <init>(cn.bmob.v3.http.bean.Upyun) -> <init>
    cn.bmob.v3.http.bean.Upyun getUpyun() -> getUpyun
    void setUpyun(cn.bmob.v3.http.bean.Upyun) -> setUpyun
cn.bmob.v3.http.bean.Init -> cn.bmob.v3.http.bean.Init:
    java.lang.String api -> api
    java.lang.String file -> file
    java.lang.String push -> push
    java.lang.String io -> io
    java.lang.String other -> other
    long timestamp -> timestamp
    boolean isUp -> isUp
    int upyunVer -> upyunVer
    cn.bmob.v3.http.bean.Migration migration -> migration
    void <init>() -> <init>
    java.lang.String getApi() -> getApi
    void setApi(java.lang.String) -> setApi
    java.lang.String getFile() -> getFile
    void setFile(java.lang.String) -> setFile
    java.lang.String getPush() -> getPush
    void setPush(java.lang.String) -> setPush
    java.lang.String getIo() -> getIo
    void setIo(java.lang.String) -> setIo
    java.lang.String getOther() -> getOther
    void setOther(java.lang.String) -> setOther
    long getTimestamp() -> getTimestamp
    void setTimestamp(long) -> setTimestamp
    boolean isUp() -> isUp
    void setUp(boolean) -> setUp
    int getUpyunVer() -> getUpyunVer
    void setUpyunVer(int) -> setUpyunVer
    void setMigration(cn.bmob.v3.http.bean.Migration) -> setMigration
    cn.bmob.v3.http.bean.Migration getMigration() -> getMigration
cn.bmob.v3.http.bean.Migration -> cn.bmob.v3.http.bean.Migration:
    java.lang.String BATCH -> BATCH
    java.lang.String CDN -> CDN
    java.lang.String CLOUD_QUERY -> CLOUD_QUERY
    java.lang.String CREATE -> CREATE
    java.lang.String DELCDNBATCH -> DELCDNBATCH
    java.lang.String DELCDNUPLOAD -> DELCDNUPLOAD
    java.lang.String DELETE -> DELETE
    java.lang.String DEVICE -> DEVICE
    java.lang.String EMAIL_VERIFY -> EMAIL_VERIFY
    java.lang.String FIND -> FIND
    java.lang.String FUNCTIONS -> FUNCTIONS
    java.lang.String LOGIN -> LOGIN
    java.lang.String LOGIN_OR_SIGNUP -> LOGIN_OR_SIGNUP
    java.lang.String PAY -> PAY
    java.lang.String PAY_QUERY -> PAY_QUERY
    java.lang.String PHONE_RESET -> PHONE_RESET
    java.lang.String PUSH -> PUSH
    java.lang.String QUERY_SMS -> QUERY_SMS
    java.lang.String REQUEST_SMS -> REQUEST_SMS
    java.lang.String REQUEST_SMS_CODE -> REQUEST_SMS_CODE
    java.lang.String RESET -> RESET
    java.lang.String SAVECDNUPLOAD -> SAVECDNUPLOAD
    java.lang.String SCHEMAS -> SCHEMAS
    java.lang.String SIGNUP -> SIGNUP
    java.lang.String TCP_FILESERVER_URL -> TCP_FILESERVER_URL
    java.lang.String TIMESTAMP -> TIMESTAMP
    java.lang.String UPDATE -> UPDATE
    java.lang.String UPDATE_USER_PASSWORD -> UPDATE_USER_PASSWORD
    java.lang.String VERIFY_SMS_CODE -> VERIFY_SMS_CODE
    java.util.HashMap map -> map
    boolean isFirst -> isFirst
    java.util.List batch -> batch
    java.util.List cdn -> cdn
cn.bmob.v3.http.bean.R1 -> cn.bmob.v3.http.bean.R1:
    java.lang.Boolean b -> b
    cn.bmob.v3.exception.BmobException e -> e
    void <init>() -> <init>
    void <init>(java.lang.Boolean,cn.bmob.v3.exception.BmobException) -> <init>
    java.lang.Boolean getB() -> getB
    void setB(java.lang.Boolean) -> setB
    cn.bmob.v3.exception.BmobException getE() -> getE
    void setE(cn.bmob.v3.exception.BmobException) -> setE